0 silly argv {
0 silly argv   _: [ 'run' ],
0 silly argv   scope: '@winter-love/web-quasar',
0 silly argv   'include-dependencies': true,
0 silly argv   includeDependencies: true,
0 silly argv   parallel: true,
0 silly argv   lernaVersion: '3.22.1',
0 silly argv   '$0': 'node_modules\\lerna\\cli.js',
0 silly argv   script: 'dev'
0 silly argv }
1 notice cli v3.22.1
2 verbose rootPath E:\Apps\web@winter-love
3 notice filter including "@winter-love/web-quasar"
4 notice filter including dependencies
5 info filter [ '@winter-love/web-quasar' ]
6 error TypeError: Cannot read property 'split' of undefined
6 error     at Minimatch.match (E:\Apps\web@winter-love\node_modules\minimatch\minimatch.js:713:11)
6 error     at E:\Apps\web@winter-love\node_modules\minimatch\minimatch.js:691:15
6 error     at Array.filter (<anonymous>)
6 error     at Function.minimatch.match (E:\Apps\web@winter-love\node_modules\minimatch\minimatch.js:690:15)
6 error     at E:\Apps\web@winter-love\node_modules\multimatch\index.js:23:33
6 error     at Array.reduce (<anonymous>)
6 error     at module.exports (E:\Apps\web@winter-love\node_modules\multimatch\index.js:15:18)
6 error     at filterPackages (E:\Apps\web@winter-love\node_modules\@lerna\filter-packages\filter-packages.js:45:28)
