[debug] [2020-10-13T15:27:08.506Z] ----------------------------------------------------------------------
[debug] [2020-10-13T15:27:08.507Z] Command:       C:\Program Files\nodejs\node.exe C:\Users\bichi\AppData\Local\Yarn\Data\global\node_modules\firebase-tools\lib\bin\firebase.js emulators:start --only functions
[debug] [2020-10-13T15:27:08.508Z] CLI Version:   8.11.2
[debug] [2020-10-13T15:27:08.508Z] Platform:      win32
[debug] [2020-10-13T15:27:08.508Z] Node Version:  v12.18.4
[debug] [2020-10-13T15:27:08.511Z] Time:          Wed Oct 14 2020 00:27:08 GMT+0900 (GMT+09:00)
[debug] [2020-10-13T15:27:08.512Z] ----------------------------------------------------------------------
[debug] [2020-10-13T15:27:08.512Z] 
[debug] [2020-10-13T15:27:08.577Z] > command requires scopes: ["email","openid","https://www.googleapis.com/auth/cloudplatformprojects.readonly","https://www.googleapis.com/auth/firebase","https://www.googleapis.com/auth/cloud-platform"]
[debug] [2020-10-13T15:27:08.578Z] > authorizing via signed-in user
[info] i  emulators: Starting emulators: functions {"metadata":{"emulator":{"name":"hub"},"message":"Starting emulators: functions"}}
[debug] [2020-10-13T15:27:10.606Z] [hub] writing locator at C:\Users\bichi\AppData\Local\Temp\hub-web-prod-bc72c.json
[warn] !  functions: The following emulators are not running, calls to these services from the Functions emulator will affect production: auth, firestore, database, hosting, pubsub {"metadata":{"emulator":{"name":"functions"},"message":"The following emulators are not running, calls to these services from the Functions emulator will affect production: \u001b[1mauth, firestore, database, hosting, pubsub\u001b[22m"}}
[info] +  functions: Using node@12 from host. {"metadata":{"emulator":{"name":"functions"},"message":"Using node@12 from host."}}
[debug] [2020-10-13T15:27:12.652Z] defaultcredentials: writing to file C:\Users\bichi\AppData\Roaming\firebase\sharing_innovirus_biz_application_default_credentials.json
[debug] [2020-10-13T15:27:12.659Z] Setting GAC to C:\Users\bichi\AppData\Roaming\firebase\sharing_innovirus_biz_application_default_credentials.json {"metadata":{"emulator":{"name":"functions"},"message":"Setting GAC to C:\\Users\\bichi\\AppData\\Roaming\\firebase\\sharing_innovirus_biz_application_default_credentials.json"}}
[debug] [2020-10-13T15:27:16.683Z] Ignoring unsupported arg: auto_download {"metadata":{"emulator":{"name":"ui"},"message":"Ignoring unsupported arg: auto_download"}}
[debug] [2020-10-13T15:27:16.684Z] Ignoring unsupported arg: port {"metadata":{"emulator":{"name":"ui"},"message":"Ignoring unsupported arg: port"}}
[debug] [2020-10-13T15:27:16.684Z] Starting Emulator UI with command {"binary":"node","args":["C:\\Users\\bichi\\.cache\\firebase\\emulators\\ui-v1.1.1\\server.bundle.js"],"optionalArgs":[],"joinArgs":false} {"metadata":{"emulator":{"name":"ui"},"message":"Starting Emulator UI with command {\"binary\":\"node\",\"args\":[\"C:\\\\Users\\\\bichi\\\\.cache\\\\firebase\\\\emulators\\\\ui-v1.1.1\\\\server.bundle.js\"],\"optionalArgs\":[],\"joinArgs\":false}"}}
[info] i  ui: Emulator UI logging to ui-debug.log {"metadata":{"emulator":{"name":"ui"},"message":"Emulator UI logging to \u001b[1mui-debug.log\u001b[22m"}}
[debug] [2020-10-13T15:27:16.995Z] Web / API server started at http://localhost:4000
 {"metadata":{"emulator":{"name":"ui"},"message":"Web / API server started at http://localhost:4000\n"}}
[info] i  functions: Watching "E:\Apps\web@innovirus\packages\functions" for Cloud Functions... {"metadata":{"emulator":{"name":"functions"},"message":"Watching \"E:\\Apps\\web@innovirus\\packages\\functions\" for Cloud Functions..."}}
[debug] [2020-10-13T15:27:17.219Z] [worker-pool] addWorker(~diagnostic~) {"metadata":{"emulator":{"name":"functions"},"message":"[worker-pool] addWorker(~diagnostic~)"}}
[debug] [2020-10-13T15:27:17.219Z] [worker-pool] Adding worker with key ~diagnostic~, total=1 {"metadata":{"emulator":{"name":"functions"},"message":"[worker-pool] Adding worker with key ~diagnostic~, total=1"}}
[debug] [2020-10-13T15:27:17.219Z] [worker-pool] submitWork(triggerId=) {"metadata":{"emulator":{"name":"functions"},"message":"[worker-pool] submitWork(triggerId=)"}}
[debug] [2020-10-13T15:27:17.220Z] [worker-~diagnostic~-e0efb7b5-16c0-43eb-a55d-776332d4518d]: Assigning socketPath: \\?\pipe\E:\Apps\web@innovirus\packages\functions\28432 {"metadata":{"emulator":{"name":"functions"},"message":"[worker-~diagnostic~-e0efb7b5-16c0-43eb-a55d-776332d4518d]: Assigning socketPath: \\\\?\\pipe\\E:\\Apps\\web@innovirus\\packages\\functions\\28432"}}
[debug] [2020-10-13T15:27:17.220Z] [worker-~diagnostic~-e0efb7b5-16c0-43eb-a55d-776332d4518d]: BUSY {"metadata":{"emulator":{"name":"functions"},"message":"[worker-~diagnostic~-e0efb7b5-16c0-43eb-a55d-776332d4518d]: BUSY"}}
[debug] [2020-10-13T15:27:18.644Z] [runtime-status] [28432] Functions runtime initialized. {"cwd":"E:\\Apps\\web@innovirus\\packages\\functions","node_version":"12.18.4"} {"metadata":{"emulator":{"name":"functions"},"message":"[runtime-status] [28432] Functions runtime initialized. {\"cwd\":\"E:\\\\Apps\\\\web@innovirus\\\\packages\\\\functions\",\"node_version\":\"12.18.4\"}"}}
[debug] [2020-10-13T15:27:18.645Z] [runtime-status] [28432] Disabled runtime features: undefined {"metadata":{"emulator":{"name":"functions"},"message":"[runtime-status] [28432] Disabled runtime features: undefined"}}
[debug] [2020-10-13T15:27:18.659Z] [runtime-status] [28432] Resolved module firebase-admin {"declared":true,"installed":true,"version":"8.13.0","resolution":"E:\\Apps\\web@innovirus\\node_modules\\firebase-admin\\lib\\index.js"} {"metadata":{"emulator":{"name":"functions"},"message":"[runtime-status] [28432] Resolved module firebase-admin {\"declared\":true,\"installed\":true,\"version\":\"8.13.0\",\"resolution\":\"E:\\\\Apps\\\\web@innovirus\\\\node_modules\\\\firebase-admin\\\\lib\\\\index.js\"}"}}
[debug] [2020-10-13T15:27:18.678Z] [runtime-status] [28432] Resolved module firebase-functions {"declared":true,"installed":true,"version":"3.11.0","resolution":"E:\\Apps\\web@innovirus\\node_modules\\firebase-functions\\lib\\index.js"} {"metadata":{"emulator":{"name":"functions"},"message":"[runtime-status] [28432] Resolved module firebase-functions {\"declared\":true,\"installed\":true,\"version\":\"3.11.0\",\"resolution\":\"E:\\\\Apps\\\\web@innovirus\\\\node_modules\\\\firebase-functions\\\\lib\\\\index.js\"}"}}
[debug] [2020-10-13T15:27:18.679Z] [runtime-status] [28432] Resolved module firebase-functions {"declared":true,"installed":true,"version":"3.11.0","resolution":"E:\\Apps\\web@innovirus\\node_modules\\firebase-functions\\lib\\index.js"} {"metadata":{"emulator":{"name":"functions"},"message":"[runtime-status] [28432] Resolved module firebase-functions {\"declared\":true,\"installed\":true,\"version\":\"3.11.0\",\"resolution\":\"E:\\\\Apps\\\\web@innovirus\\\\node_modules\\\\firebase-functions\\\\lib\\\\index.js\"}"}}
[debug] [2020-10-13T15:27:18.680Z] [runtime-status] [28432] Outgoing network have been stubbed. [{"name":"http","status":"mocked"},{"name":"http","status":"mocked"},{"name":"https","status":"mocked"},{"name":"https","status":"mocked"},{"name":"net","status":"mocked"}] {"metadata":{"emulator":{"name":"functions"},"message":"[runtime-status] [28432] Outgoing network have been stubbed. [{\"name\":\"http\",\"status\":\"mocked\"},{\"name\":\"http\",\"status\":\"mocked\"},{\"name\":\"https\",\"status\":\"mocked\"},{\"name\":\"https\",\"status\":\"mocked\"},{\"name\":\"net\",\"status\":\"mocked\"}]"}}
[debug] [2020-10-13T15:27:18.681Z] [runtime-status] [28432] Resolved module firebase-functions {"declared":true,"installed":true,"version":"3.11.0","resolution":"E:\\Apps\\web@innovirus\\node_modules\\firebase-functions\\lib\\index.js"} {"metadata":{"emulator":{"name":"functions"},"message":"[runtime-status] [28432] Resolved module firebase-functions {\"declared\":true,\"installed\":true,\"version\":\"3.11.0\",\"resolution\":\"E:\\\\Apps\\\\web@innovirus\\\\node_modules\\\\firebase-functions\\\\lib\\\\index.js\"}"}}
[debug] [2020-10-13T15:27:19.306Z] [runtime-status] [28432] Checked functions.config() {"config":{}} {"metadata":{"emulator":{"name":"functions"},"message":"[runtime-status] [28432] Checked functions.config() {\"config\":{}}"}}
[debug] [2020-10-13T15:27:19.306Z] [runtime-status] [28432] firebase-functions has been stubbed. {"functionsResolution":{"declared":true,"installed":true,"version":"3.11.0","resolution":"E:\\Apps\\web@innovirus\\node_modules\\firebase-functions\\lib\\index.js"}} {"metadata":{"emulator":{"name":"functions"},"message":"[runtime-status] [28432] firebase-functions has been stubbed. {\"functionsResolution\":{\"declared\":true,\"installed\":true,\"version\":\"3.11.0\",\"resolution\":\"E:\\\\Apps\\\\web@innovirus\\\\node_modules\\\\firebase-functions\\\\lib\\\\index.js\"}}"}}
[debug] [2020-10-13T15:27:19.307Z] [runtime-status] [28432] Resolved module firebase-functions {"declared":true,"installed":true,"version":"3.11.0","resolution":"E:\\Apps\\web@innovirus\\node_modules\\firebase-functions\\lib\\index.js"} {"metadata":{"emulator":{"name":"functions"},"message":"[runtime-status] [28432] Resolved module firebase-functions {\"declared\":true,\"installed\":true,\"version\":\"3.11.0\",\"resolution\":\"E:\\\\Apps\\\\web@innovirus\\\\node_modules\\\\firebase-functions\\\\lib\\\\index.js\"}"}}
[debug] [2020-10-13T15:27:19.308Z] [runtime-status] [28432] Resolved module firebase-admin {"declared":true,"installed":true,"version":"8.13.0","resolution":"E:\\Apps\\web@innovirus\\node_modules\\firebase-admin\\lib\\index.js"} {"metadata":{"emulator":{"name":"functions"},"message":"[runtime-status] [28432] Resolved module firebase-admin {\"declared\":true,\"installed\":true,\"version\":\"8.13.0\",\"resolution\":\"E:\\\\Apps\\\\web@innovirus\\\\node_modules\\\\firebase-admin\\\\lib\\\\index.js\"}"}}
[debug] [2020-10-13T15:27:19.309Z] [runtime-status] [28432] Resolved module firebase-functions {"declared":true,"installed":true,"version":"3.11.0","resolution":"E:\\Apps\\web@innovirus\\node_modules\\firebase-functions\\lib\\index.js"} {"metadata":{"emulator":{"name":"functions"},"message":"[runtime-status] [28432] Resolved module firebase-functions {\"declared\":true,\"installed\":true,\"version\":\"3.11.0\",\"resolution\":\"E:\\\\Apps\\\\web@innovirus\\\\node_modules\\\\firebase-functions\\\\lib\\\\index.js\"}"}}
[debug] [2020-10-13T15:27:19.309Z] [runtime-status] [28432] firebase-admin has been stubbed. {"adminResolution":{"declared":true,"installed":true,"version":"8.13.0","resolution":"E:\\Apps\\web@innovirus\\node_modules\\firebase-admin\\lib\\index.js"}} {"metadata":{"emulator":{"name":"functions"},"message":"[runtime-status] [28432] firebase-admin has been stubbed. {\"adminResolution\":{\"declared\":true,\"installed\":true,\"version\":\"8.13.0\",\"resolution\":\"E:\\\\Apps\\\\web@innovirus\\\\node_modules\\\\firebase-admin\\\\lib\\\\index.js\"}}"}}
[info] +  functions[helloWorld]: http function initialized (http://localhost:5001/web-prod-bc72c/us-central1/helloWorld). {"metadata":{"emulator":{"name":"functions"},"message":"\u001b[1mhttp\u001b[22m function initialized (http://localhost:5001/web-prod-bc72c/us-central1/helloWorld)."}}
[info] 
┌───────────────────────────────────────────────────────────────────────┐
│ ✔  All emulators ready! View status and logs at http://localhost:4000 │
└───────────────────────────────────────────────────────────────────────┘

┌───────────┬────────────────┬─────────────────────────────────┐
│ Emulator  │ Host:Port      │ View in Emulator UI             │
├───────────┼────────────────┼─────────────────────────────────┤
│ Functions │ localhost:5001 │ http://localhost:4000/functions │
└───────────┴────────────────┴─────────────────────────────────┘
  Other reserved ports: 4400, 4500

Issues? Report them at https://github.com/firebase/firebase-tools/issues and attach the *-debug.log files.
 
[debug] [2020-10-13T15:27:19.324Z] [worker-~diagnostic~-e0efb7b5-16c0-43eb-a55d-776332d4518d]: IDLE {"metadata":{"emulator":{"name":"functions"},"message":"[worker-~diagnostic~-e0efb7b5-16c0-43eb-a55d-776332d4518d]: IDLE"}}
